app/build/intermediates/manifest_merge_blame_file/debug/manifest-merger-blame-debug-report.txt
1<?xml version="1.0" encoding="utf-8"?>
2<manifest xmlns:android="http://schemas.android.com/apk/res/android"
3    package="com.digitalsmart.mutify"
4    android:versionCode="2"
5    android:versionName="1.1" >
6
7    <uses-sdk
8        android:minSdkVersion="26"
9        android:targetSdkVersion="30" />
10
11    <uses-permission android:name="android.permission.ACCESS_MOCK_LOCATION" />
11-->src\debug\AndroidManifest.xml:3:5-114
11-->src\debug\AndroidManifest.xml:3:22-76
12    <!--
13         The ACCESS_COARSE/FINE_LOCATION permissions are not required to use
14         Google Maps Android API v2, but you must specify either coarse or fine
15         location permissions for the "MyLocation" functionality.
16    -->
17    <uses-permission android:name="android.permission.ACCESS_FINE_LOCATION" />
17-->src\main\AndroidManifest.xml:9:5-78
17-->src\main\AndroidManifest.xml:9:22-76
18    <uses-permission android:name="android.permission. ACCESS_COARSE_LOCATION" />
18-->src\main\AndroidManifest.xml:10:5-81
18-->src\main\AndroidManifest.xml:10:22-79
19    <uses-permission android:name="android.permission.ACCESS_BACKGROUND_LOCATION" />
19-->src\main\AndroidManifest.xml:11:5-84
19-->src\main\AndroidManifest.xml:11:22-82
20    <uses-permission android:name="android.permission.INTERNET" />
20-->src\main\AndroidManifest.xml:12:5-66
20-->src\main\AndroidManifest.xml:12:22-64
21    <uses-permission android:name="android.permission.WAKE_LOCK" />
21-->src\main\AndroidManifest.xml:13:5-67
21-->src\main\AndroidManifest.xml:13:22-65
22    <uses-permission android:name="android.permission.ACCESS_NOTIFICATION_POLICY" />
22-->src\main\AndroidManifest.xml:14:5-84
22-->src\main\AndroidManifest.xml:14:22-82
23    <uses-permission android:name="android.permission.RECEIVE_BOOT_COMPLETED" />
23-->src\main\AndroidManifest.xml:15:5-81
23-->src\main\AndroidManifest.xml:15:22-78
24    <uses-permission android:name="android.permission.ACCESS_WIFI_STATE" /> <!-- Include required permissions for Google Maps API to run. -->
24-->[com.google.android.libraries.places:places:2.4.0] AndroidManifest.xml:10:5-76
24-->[com.google.android.libraries.places:places:2.4.0] AndroidManifest.xml:10:22-73
25    <uses-permission android:name="android.permission.ACCESS_NETWORK_STATE" />
25-->[com.google.android.gms:play-services-maps:17.0.0] AndroidManifest.xml:23:5-79
25-->[com.google.android.gms:play-services-maps:17.0.0] AndroidManifest.xml:23:22-76
26
27    <uses-feature
27-->[com.google.android.gms:play-services-maps:17.0.0] AndroidManifest.xml:26:5-28:35
28        android:glEsVersion="0x00020000"
28-->[com.google.android.gms:play-services-maps:17.0.0] AndroidManifest.xml:27:9-41
29        android:required="true" />
29-->[com.google.android.gms:play-services-maps:17.0.0] AndroidManifest.xml:28:9-32
30
31    <uses-permission android:name="android.permission.FOREGROUND_SERVICE" />
31-->[androidx.work:work-runtime:2.4.0] AndroidManifest.xml:28:5-77
31-->[androidx.work:work-runtime:2.4.0] AndroidManifest.xml:28:22-74
32
33    <application
33-->src\main\AndroidManifest.xml:17:5-72:19
34        android:allowBackup="true"
34-->src\main\AndroidManifest.xml:18:13-39
35        android:appComponentFactory="androidx.core.app.CoreComponentFactory"
35-->[androidx.core:core:1.3.2] AndroidManifest.xml:24:18-86
36        android:debuggable="true"
37        android:extractNativeLibs="false"
38        android:icon="@mipmap/mutify_icon"
38-->src\main\AndroidManifest.xml:19:13-47
39        android:label="@string/app_name"
39-->src\main\AndroidManifest.xml:20:13-45
40        android:roundIcon="@mipmap/mutify_icon_round"
40-->src\main\AndroidManifest.xml:21:13-58
41        android:supportsRtl="true"
41-->src\main\AndroidManifest.xml:22:13-39
42        android:testOnly="true"
43        android:theme="@style/AppTheme" >
43-->src\main\AndroidManifest.xml:23:13-44
44
45        <!--
46             The API key for Google Maps-based APIs is defined as a string resource.
47             (See the file "res/values/google_maps_api.xml").
48             Note that the API key is linked to the encryption key used to sign the APK.
49             You need a different API key for each encryption key, including the release key that is used to
50             sign the APK for publishing.
51             You can define the keys for the debug and release targets in src/debug/ and src/release/.
52        -->
53        <meta-data
53-->src\main\AndroidManifest.xml:32:9-34:55
54            android:name="com.google.android.geo.API_KEY"
54-->src\main\AndroidManifest.xml:33:17-62
55            android:value="@string/maps_api_key" />
55-->src\main\AndroidManifest.xml:34:17-53
56        <meta-data
56-->src\main\AndroidManifest.xml:36:9-38:73
57            android:name="com.google.android.gms.ads.APPLICATION_ID"
57-->src\main\AndroidManifest.xml:37:17-73
58            android:value="ca-app-pub-2969376446904699~8598504151" />
58-->src\main\AndroidManifest.xml:38:17-71
59
60        <activity
60-->src\main\AndroidManifest.xml:40:9-49:20
61            android:name="com.digitalsmart.mutify.MapsActivity"
61-->src\main\AndroidManifest.xml:41:17-45
62            android:label="@string/title_activity_maps"
62-->src\main\AndroidManifest.xml:42:17-60
63            android:windowSoftInputMode="adjustPan" >
63-->src\main\AndroidManifest.xml:43:17-56
64            <intent-filter>
64-->src\main\AndroidManifest.xml:44:13-48:29
65                <action android:name="android.intent.action.MAIN" />
65-->src\main\AndroidManifest.xml:45:17-68
65-->src\main\AndroidManifest.xml:45:25-66
66
67                <category android:name="android.intent.category.LAUNCHER" />
67-->src\main\AndroidManifest.xml:47:17-76
67-->src\main\AndroidManifest.xml:47:27-74
68            </intent-filter>
69        </activity>
70
71        <service
71-->src\main\AndroidManifest.xml:51:9-54:75
72            android:name="com.digitalsmart.mutify.Services.FetchAddressJobIntentService"
72-->src\main\AndroidManifest.xml:52:17-70
73            android:exported="true"
73-->src\main\AndroidManifest.xml:53:17-40
74            android:permission="android.permission.BIND_JOB_SERVICE" />
74-->src\main\AndroidManifest.xml:54:17-73
75
76        <receiver
76-->src\main\AndroidManifest.xml:56:9-58:41
77            android:name="com.digitalsmart.mutify.broadcast_receivers.GeofenceBroadcastReceiver"
77-->src\main\AndroidManifest.xml:57:17-78
78            android:enabled="true" />
78-->src\main\AndroidManifest.xml:58:17-39
79        <receiver
79-->src\main\AndroidManifest.xml:59:9-61:41
80            android:name="com.digitalsmart.mutify.broadcast_receivers.CancelIntentReceiver"
80-->src\main\AndroidManifest.xml:60:17-73
81            android:enabled="true" />
81-->src\main\AndroidManifest.xml:61:17-39
82        <receiver
82-->src\main\AndroidManifest.xml:62:9-71:20
83            android:name="com.digitalsmart.mutify.broadcast_receivers.RebootBroadcastReceiver"
83-->src\main\AndroidManifest.xml:63:17-76
84            android:enabled="true"
84-->src\main\AndroidManifest.xml:64:17-39
85            android:exported="true" >
85-->src\main\AndroidManifest.xml:65:17-40
86            <intent-filter>
86-->src\main\AndroidManifest.xml:66:13-70:29
87                <action android:name="android.intent.action.BOOT_COMPLETED" />
87-->src\main\AndroidManifest.xml:67:17-78
87-->src\main\AndroidManifest.xml:67:25-76
88                <action android:name="android.intent.action.QUICKBOOT_POWERON" />
88-->src\main\AndroidManifest.xml:68:17-82
88-->src\main\AndroidManifest.xml:68:25-79
89                <action android:name="android.intent.action.ACTION_EXTERNAL_APPLICATIONS_AVAILABLE" />
89-->src\main\AndroidManifest.xml:69:17-103
89-->src\main\AndroidManifest.xml:69:25-100
90            </intent-filter>
91        </receiver>
92
93        <activity
93-->[com.google.android.libraries.places:places:2.4.0] AndroidManifest.xml:14:9-20:20
94            android:name="com.google.android.libraries.places.widget.AutocompleteActivity"
94-->[com.google.android.libraries.places:places:2.4.0] AndroidManifest.xml:15:13-91
95            android:exported="false"
95-->[com.google.android.libraries.places:places:2.4.0] AndroidManifest.xml:16:13-37
96            android:label="@string/places_autocomplete_label"
96-->[com.google.android.libraries.places:places:2.4.0] AndroidManifest.xml:17:13-62
97            android:theme="@style/PlacesAutocompleteOverlay"
97-->[com.google.android.libraries.places:places:2.4.0] AndroidManifest.xml:18:13-61
98            android:windowSoftInputMode="adjustResize" >
98-->[com.google.android.libraries.places:places:2.4.0] AndroidManifest.xml:19:13-55
99        </activity>
100        <activity
100-->[pub.devrel:easypermissions:3.0.0] AndroidManifest.xml:12:9-16:66
101            android:name="pub.devrel.easypermissions.AppSettingsDialogHolderActivity"
101-->[pub.devrel:easypermissions:3.0.0] AndroidManifest.xml:13:13-86
102            android:exported="false"
102-->[pub.devrel:easypermissions:3.0.0] AndroidManifest.xml:14:13-37
103            android:label=""
103-->[pub.devrel:easypermissions:3.0.0] AndroidManifest.xml:15:13-29
104            android:theme="@style/EasyPermissions.Transparent" /> <!-- Needs to be explicitly declared on P+ -->
104-->[pub.devrel:easypermissions:3.0.0] AndroidManifest.xml:16:13-63
105        <uses-library
105-->[com.google.android.gms:play-services-maps:17.0.0] AndroidManifest.xml:33:9-35:40
106            android:name="org.apache.http.legacy"
106-->[com.google.android.gms:play-services-maps:17.0.0] AndroidManifest.xml:34:13-50
107            android:required="false" /> <!-- Include the AdActivity and InAppPurchaseActivity configChanges and themes. -->
107-->[com.google.android.gms:play-services-maps:17.0.0] AndroidManifest.xml:35:13-37
108        <activity
108-->[com.google.android.gms:play-services-ads-lite:19.5.0] AndroidManifest.xml:29:9-33:64
109            android:name="com.google.android.gms.ads.AdActivity"
109-->[com.google.android.gms:play-services-ads-lite:19.5.0] AndroidManifest.xml:30:13-65
110            android:configChanges="keyboard|keyboardHidden|orientation|screenLayout|uiMode|screenSize|smallestScreenSize"
110-->[com.google.android.gms:play-services-ads-lite:19.5.0] AndroidManifest.xml:31:13-122
111            android:exported="false"
111-->[com.google.android.gms:play-services-ads-lite:19.5.0] AndroidManifest.xml:32:13-37
112            android:theme="@android:style/Theme.Translucent" />
112-->[com.google.android.gms:play-services-ads-lite:19.5.0] AndroidManifest.xml:33:13-61
113
114        <provider
114-->[com.google.android.gms:play-services-ads-lite:19.5.0] AndroidManifest.xml:35:9-39:39
115            android:name="com.google.android.gms.ads.MobileAdsInitProvider"
115-->[com.google.android.gms:play-services-ads-lite:19.5.0] AndroidManifest.xml:36:13-76
116            android:authorities="com.digitalsmart.mutify.mobileadsinitprovider"
116-->[com.google.android.gms:play-services-ads-lite:19.5.0] AndroidManifest.xml:37:13-73
117            android:exported="false"
117-->[com.google.android.gms:play-services-ads-lite:19.5.0] AndroidManifest.xml:38:13-37
118            android:initOrder="100" />
118-->[com.google.android.gms:play-services-ads-lite:19.5.0] AndroidManifest.xml:39:13-36
119
120        <service
120-->[com.google.android.gms:play-services-ads-lite:19.5.0] AndroidManifest.xml:41:9-44:40
121            android:name="com.google.android.gms.ads.AdService"
121-->[com.google.android.gms:play-services-ads-lite:19.5.0] AndroidManifest.xml:42:13-64
122            android:enabled="true"
122-->[com.google.android.gms:play-services-ads-lite:19.5.0] AndroidManifest.xml:43:13-35
123            android:exported="false" />
123-->[com.google.android.gms:play-services-ads-lite:19.5.0] AndroidManifest.xml:44:13-37
124
125        <provider
125-->[androidx.work:work-runtime:2.4.0] AndroidManifest.xml:31:9-37:35
126            android:name="androidx.work.impl.WorkManagerInitializer"
126-->[androidx.work:work-runtime:2.4.0] AndroidManifest.xml:32:13-69
127            android:authorities="com.digitalsmart.mutify.workmanager-init"
127-->[androidx.work:work-runtime:2.4.0] AndroidManifest.xml:33:13-68
128            android:directBootAware="false"
128-->[androidx.work:work-runtime:2.4.0] AndroidManifest.xml:34:13-44
129            android:exported="false"
129-->[androidx.work:work-runtime:2.4.0] AndroidManifest.xml:35:13-37
130            android:multiprocess="true" />
130-->[androidx.work:work-runtime:2.4.0] AndroidManifest.xml:36:13-40
131
132        <service
132-->[androidx.work:work-runtime:2.4.0] AndroidManifest.xml:39:9-44:35
133            android:name="androidx.work.impl.background.systemalarm.SystemAlarmService"
133-->[androidx.work:work-runtime:2.4.0] AndroidManifest.xml:40:13-88
134            android:directBootAware="false"
134-->[androidx.work:work-runtime:2.4.0] AndroidManifest.xml:41:13-44
135            android:enabled="@bool/enable_system_alarm_service_default"
135-->[androidx.work:work-runtime:2.4.0] AndroidManifest.xml:42:13-72
136            android:exported="false" />
136-->[androidx.work:work-runtime:2.4.0] AndroidManifest.xml:43:13-37
137        <service
137-->[androidx.work:work-runtime:2.4.0] AndroidManifest.xml:45:9-51:35
138            android:name="androidx.work.impl.background.systemjob.SystemJobService"
138-->[androidx.work:work-runtime:2.4.0] AndroidManifest.xml:46:13-84
139            android:directBootAware="false"
139-->[androidx.work:work-runtime:2.4.0] AndroidManifest.xml:47:13-44
140            android:enabled="@bool/enable_system_job_service_default"
140-->[androidx.work:work-runtime:2.4.0] AndroidManifest.xml:48:13-70
141            android:exported="true"
141-->[androidx.work:work-runtime:2.4.0] AndroidManifest.xml:49:13-36
142            android:permission="android.permission.BIND_JOB_SERVICE" />
142-->[androidx.work:work-runtime:2.4.0] AndroidManifest.xml:50:13-69
143        <service
143-->[androidx.work:work-runtime:2.4.0] AndroidManifest.xml:52:9-57:35
144            android:name="androidx.work.impl.foreground.SystemForegroundService"
144-->[androidx.work:work-runtime:2.4.0] AndroidManifest.xml:53:13-81
145            android:directBootAware="false"
145-->[androidx.work:work-runtime:2.4.0] AndroidManifest.xml:54:13-44
146            android:enabled="@bool/enable_system_foreground_service_default"
146-->[androidx.work:work-runtime:2.4.0] AndroidManifest.xml:55:13-77
147            android:exported="false" />
147-->[androidx.work:work-runtime:2.4.0] AndroidManifest.xml:56:13-37
148
149        <receiver
149-->[androidx.work:work-runtime:2.4.0] AndroidManifest.xml:59:9-64:35
150            android:name="androidx.work.impl.utils.ForceStopRunnable$BroadcastReceiver"
150-->[androidx.work:work-runtime:2.4.0] AndroidManifest.xml:60:13-88
151            android:directBootAware="false"
151-->[androidx.work:work-runtime:2.4.0] AndroidManifest.xml:61:13-44
152            android:enabled="true"
152-->[androidx.work:work-runtime:2.4.0] AndroidManifest.xml:62:13-35
153            android:exported="false" />
153-->[androidx.work:work-runtime:2.4.0] AndroidManifest.xml:63:13-37
154        <receiver
154-->[androidx.work:work-runtime:2.4.0] AndroidManifest.xml:65:9-75:20
155            android:name="androidx.work.impl.background.systemalarm.ConstraintProxy$BatteryChargingProxy"
155-->[androidx.work:work-runtime:2.4.0] AndroidManifest.xml:66:13-106
156            android:directBootAware="false"
156-->[androidx.work:work-runtime:2.4.0] AndroidManifest.xml:67:13-44
157            android:enabled="false"
157-->[androidx.work:work-runtime:2.4.0] AndroidManifest.xml:68:13-36
158            android:exported="false" >
158-->[androidx.work:work-runtime:2.4.0] AndroidManifest.xml:69:13-37
159            <intent-filter>
159-->[androidx.work:work-runtime:2.4.0] AndroidManifest.xml:71:13-74:29
160                <action android:name="android.intent.action.ACTION_POWER_CONNECTED" />
160-->[androidx.work:work-runtime:2.4.0] AndroidManifest.xml:72:17-87
160-->[androidx.work:work-runtime:2.4.0] AndroidManifest.xml:72:25-84
161                <action android:name="android.intent.action.ACTION_POWER_DISCONNECTED" />
161-->[androidx.work:work-runtime:2.4.0] AndroidManifest.xml:73:17-90
161-->[androidx.work:work-runtime:2.4.0] AndroidManifest.xml:73:25-87
162            </intent-filter>
163        </receiver>
164        <receiver
164-->[androidx.work:work-runtime:2.4.0] AndroidManifest.xml:76:9-86:20
165            android:name="androidx.work.impl.background.systemalarm.ConstraintProxy$BatteryNotLowProxy"
165-->[androidx.work:work-runtime:2.4.0] AndroidManifest.xml:77:13-104
166            android:directBootAware="false"
166-->[androidx.work:work-runtime:2.4.0] AndroidManifest.xml:78:13-44
167            android:enabled="false"
167-->[androidx.work:work-runtime:2.4.0] AndroidManifest.xml:79:13-36
168            android:exported="false" >
168-->[androidx.work:work-runtime:2.4.0] AndroidManifest.xml:80:13-37
169            <intent-filter>
169-->[androidx.work:work-runtime:2.4.0] AndroidManifest.xml:82:13-85:29
170                <action android:name="android.intent.action.BATTERY_OKAY" />
170-->[androidx.work:work-runtime:2.4.0] AndroidManifest.xml:83:17-77
170-->[androidx.work:work-runtime:2.4.0] AndroidManifest.xml:83:25-74
171                <action android:name="android.intent.action.BATTERY_LOW" />
171-->[androidx.work:work-runtime:2.4.0] AndroidManifest.xml:84:17-76
171-->[androidx.work:work-runtime:2.4.0] AndroidManifest.xml:84:25-73
172            </intent-filter>
173        </receiver>
174        <receiver
174-->[androidx.work:work-runtime:2.4.0] AndroidManifest.xml:87:9-97:20
175            android:name="androidx.work.impl.background.systemalarm.ConstraintProxy$StorageNotLowProxy"
175-->[androidx.work:work-runtime:2.4.0] AndroidManifest.xml:88:13-104
176            android:directBootAware="false"
176-->[androidx.work:work-runtime:2.4.0] AndroidManifest.xml:89:13-44
177            android:enabled="false"
177-->[androidx.work:work-runtime:2.4.0] AndroidManifest.xml:90:13-36
178            android:exported="false" >
178-->[androidx.work:work-runtime:2.4.0] AndroidManifest.xml:91:13-37
179            <intent-filter>
179-->[androidx.work:work-runtime:2.4.0] AndroidManifest.xml:93:13-96:29
180                <action android:name="android.intent.action.DEVICE_STORAGE_LOW" />
180-->[androidx.work:work-runtime:2.4.0] AndroidManifest.xml:94:17-83
180-->[androidx.work:work-runtime:2.4.0] AndroidManifest.xml:94:25-80
181                <action android:name="android.intent.action.DEVICE_STORAGE_OK" />
181-->[androidx.work:work-runtime:2.4.0] AndroidManifest.xml:95:17-82
181-->[androidx.work:work-runtime:2.4.0] AndroidManifest.xml:95:25-79
182            </intent-filter>
183        </receiver>
184        <receiver
184-->[androidx.work:work-runtime:2.4.0] AndroidManifest.xml:98:9-107:20
185            android:name="androidx.work.impl.background.systemalarm.ConstraintProxy$NetworkStateProxy"
185-->[androidx.work:work-runtime:2.4.0] AndroidManifest.xml:99:13-103
186            android:directBootAware="false"
186-->[androidx.work:work-runtime:2.4.0] AndroidManifest.xml:100:13-44
187            android:enabled="false"
187-->[androidx.work:work-runtime:2.4.0] AndroidManifest.xml:101:13-36
188            android:exported="false" >
188-->[androidx.work:work-runtime:2.4.0] AndroidManifest.xml:102:13-37
189            <intent-filter>
189-->[androidx.work:work-runtime:2.4.0] AndroidManifest.xml:104:13-106:29
190                <action android:name="android.net.conn.CONNECTIVITY_CHANGE" />
190-->[androidx.work:work-runtime:2.4.0] AndroidManifest.xml:105:17-79
190-->[androidx.work:work-runtime:2.4.0] AndroidManifest.xml:105:25-76
191            </intent-filter>
192        </receiver>
193        <receiver
193-->[androidx.work:work-runtime:2.4.0] AndroidManifest.xml:108:9-119:20
194            android:name="androidx.work.impl.background.systemalarm.RescheduleReceiver"
194-->[androidx.work:work-runtime:2.4.0] AndroidManifest.xml:109:13-88
195            android:directBootAware="false"
195-->[androidx.work:work-runtime:2.4.0] AndroidManifest.xml:110:13-44
196            android:enabled="false"
196-->[androidx.work:work-runtime:2.4.0] AndroidManifest.xml:111:13-36
197            android:exported="false" >
197-->[androidx.work:work-runtime:2.4.0] AndroidManifest.xml:112:13-37
198            <intent-filter>
198-->[androidx.work:work-runtime:2.4.0] AndroidManifest.xml:114:13-118:29
199                <action android:name="android.intent.action.BOOT_COMPLETED" />
199-->src\main\AndroidManifest.xml:67:17-78
199-->src\main\AndroidManifest.xml:67:25-76
200                <action android:name="android.intent.action.TIME_SET" />
200-->[androidx.work:work-runtime:2.4.0] AndroidManifest.xml:116:17-73
200-->[androidx.work:work-runtime:2.4.0] AndroidManifest.xml:116:25-70
201                <action android:name="android.intent.action.TIMEZONE_CHANGED" />
201-->[androidx.work:work-runtime:2.4.0] AndroidManifest.xml:117:17-81
201-->[androidx.work:work-runtime:2.4.0] AndroidManifest.xml:117:25-78
202            </intent-filter>
203        </receiver>
204        <receiver
204-->[androidx.work:work-runtime:2.4.0] AndroidManifest.xml:120:9-129:20
205            android:name="androidx.work.impl.background.systemalarm.ConstraintProxyUpdateReceiver"
205-->[androidx.work:work-runtime:2.4.0] AndroidManifest.xml:121:13-99
206            android:directBootAware="false"
206-->[androidx.work:work-runtime:2.4.0] AndroidManifest.xml:122:13-44
207            android:enabled="@bool/enable_system_alarm_service_default"
207-->[androidx.work:work-runtime:2.4.0] AndroidManifest.xml:123:13-72
208            android:exported="false" >
208-->[androidx.work:work-runtime:2.4.0] AndroidManifest.xml:124:13-37
209            <intent-filter>
209-->[androidx.work:work-runtime:2.4.0] AndroidManifest.xml:126:13-128:29
210                <action android:name="androidx.work.impl.background.systemalarm.UpdateProxies" />
210-->[androidx.work:work-runtime:2.4.0] AndroidManifest.xml:127:17-98
210-->[androidx.work:work-runtime:2.4.0] AndroidManifest.xml:127:25-95
211            </intent-filter>
212        </receiver>
213        <receiver
213-->[androidx.work:work-runtime:2.4.0] AndroidManifest.xml:130:9-140:20
214            android:name="androidx.work.impl.diagnostics.DiagnosticsReceiver"
214-->[androidx.work:work-runtime:2.4.0] AndroidManifest.xml:131:13-78
215            android:directBootAware="false"
215-->[androidx.work:work-runtime:2.4.0] AndroidManifest.xml:132:13-44
216            android:enabled="true"
216-->[androidx.work:work-runtime:2.4.0] AndroidManifest.xml:133:13-35
217            android:exported="true"
217-->[androidx.work:work-runtime:2.4.0] AndroidManifest.xml:134:13-36
218            android:permission="android.permission.DUMP" >
218-->[androidx.work:work-runtime:2.4.0] AndroidManifest.xml:135:13-57
219            <intent-filter>
219-->[androidx.work:work-runtime:2.4.0] AndroidManifest.xml:137:13-139:29
220                <action android:name="androidx.work.diagnostics.REQUEST_DIAGNOSTICS" />
220-->[androidx.work:work-runtime:2.4.0] AndroidManifest.xml:138:17-88
220-->[androidx.work:work-runtime:2.4.0] AndroidManifest.xml:138:25-85
221            </intent-filter>
222        </receiver>
223
224        <service
224-->[androidx.room:room-runtime:2.2.5] AndroidManifest.xml:25:9-28:40
225            android:name="androidx.room.MultiInstanceInvalidationService"
225-->[androidx.room:room-runtime:2.2.5] AndroidManifest.xml:26:13-74
226            android:directBootAware="true"
226-->[androidx.room:room-runtime:2.2.5] AndroidManifest.xml:27:13-43
227            android:exported="false" />
227-->[androidx.room:room-runtime:2.2.5] AndroidManifest.xml:28:13-37
228
229        <activity
229-->[com.google.android.gms:play-services-base:17.3.0] AndroidManifest.xml:23:9-26:75
230            android:name="com.google.android.gms.common.api.GoogleApiActivity"
230-->[com.google.android.gms:play-services-base:17.3.0] AndroidManifest.xml:24:13-79
231            android:exported="false"
231-->[com.google.android.gms:play-services-base:17.3.0] AndroidManifest.xml:25:13-37
232            android:theme="@android:style/Theme.Translucent.NoTitleBar" />
232-->[com.google.android.gms:play-services-base:17.3.0] AndroidManifest.xml:26:13-72
233
234        <meta-data
234-->[com.google.android.gms:play-services-basement:17.3.0] AndroidManifest.xml:23:9-25:69
235            android:name="com.google.android.gms.version"
235-->[com.google.android.gms:play-services-basement:17.3.0] AndroidManifest.xml:24:13-58
236            android:value="@integer/google_play_services_version" />
236-->[com.google.android.gms:play-services-basement:17.3.0] AndroidManifest.xml:25:13-66
237
238        <provider
238-->[androidx.lifecycle:lifecycle-process:2.1.0] AndroidManifest.xml:23:9-27:43
239            android:name="androidx.lifecycle.ProcessLifecycleOwnerInitializer"
239-->[androidx.lifecycle:lifecycle-process:2.1.0] AndroidManifest.xml:24:13-79
240            android:authorities="com.digitalsmart.mutify.lifecycle-process"
240-->[androidx.lifecycle:lifecycle-process:2.1.0] AndroidManifest.xml:25:13-69
241            android:exported="false"
241-->[androidx.lifecycle:lifecycle-process:2.1.0] AndroidManifest.xml:26:13-37
242            android:multiprocess="true" />
242-->[androidx.lifecycle:lifecycle-process:2.1.0] AndroidManifest.xml:27:13-40
243
244        <service
244-->[com.google.android.datatransport:transport-backend-cct:2.3.0] AndroidManifest.xml:29:9-35:19
245            android:name="com.google.android.datatransport.runtime.backends.TransportBackendDiscovery"
245-->[com.google.android.datatransport:transport-backend-cct:2.3.0] AndroidManifest.xml:30:13-103
246            android:exported="false" >
246-->[com.google.android.datatransport:transport-backend-cct:2.3.0] AndroidManifest.xml:31:13-37
247            <meta-data
247-->[com.google.android.datatransport:transport-backend-cct:2.3.0] AndroidManifest.xml:32:13-34:39
248                android:name="backend:com.google.android.datatransport.cct.CctBackendFactory"
248-->[com.google.android.datatransport:transport-backend-cct:2.3.0] AndroidManifest.xml:33:17-94
249                android:value="cct" />
249-->[com.google.android.datatransport:transport-backend-cct:2.3.0] AndroidManifest.xml:34:17-36
250        </service>
251        <service
251-->[com.google.android.datatransport:transport-runtime:2.2.3] AndroidManifest.xml:26:9-30:19
252            android:name="com.google.android.datatransport.runtime.scheduling.jobscheduling.JobInfoSchedulerService"
252-->[com.google.android.datatransport:transport-runtime:2.2.3] AndroidManifest.xml:27:13-117
253            android:exported="false"
253-->[com.google.android.datatransport:transport-runtime:2.2.3] AndroidManifest.xml:28:13-37
254            android:permission="android.permission.BIND_JOB_SERVICE" >
254-->[com.google.android.datatransport:transport-runtime:2.2.3] AndroidManifest.xml:29:13-69
255        </service>
256
257        <receiver
257-->[com.google.android.datatransport:transport-runtime:2.2.3] AndroidManifest.xml:32:9-34:40
258            android:name="com.google.android.datatransport.runtime.scheduling.jobscheduling.AlarmManagerSchedulerBroadcastReceiver"
258-->[com.google.android.datatransport:transport-runtime:2.2.3] AndroidManifest.xml:33:13-132
259            android:exported="false" />
259-->[com.google.android.datatransport:transport-runtime:2.2.3] AndroidManifest.xml:34:13-37
260    </application>
261
262</manifest>